<?xml version="1.0" encoding="UTF-8"?>
<!-- Generated by org.testng.reporters.JUnitReportReporter -->
<testsuite skipped="0" hostname="SCS-R37" name="com.voyager.qa.testcases.LoginPageTests" tests="2" failures="0" timestamp="18 Jul 2020 11:24:09 GMT" time="38.774" errors="0">
  <testcase name="logoTest" time="18.625" classname="com.voyager.qa.testcases.LoginPageTests"/>
  <testcase name="loginTest" time="20.149" classname="com.voyager.qa.testcases.LoginPageTests"/>
</testsuite> <!-- com.voyager.qa.testcases.LoginPageTests -->
