<?xml version="1.0" encoding="UTF-8"?>
<!-- Generated by org.testng.reporters.JUnitReportReporter -->
<testsuite skipped="0" hostname="SCS-R37" name="com.voyager.qa.testcases.HomePageTest" tests="1" failures="0" timestamp="24 Nov 2020 05:00:52 GMT" time="35.168" errors="0">
  <testcase name="clickonMemberlinkTest" time="35.168" classname="com.voyager.qa.testcases.HomePageTest"/>
</testsuite> <!-- com.voyager.qa.testcases.HomePageTest -->
